This is pdfeTeX, Version 3.141592-1.21a-2.2 (Web2C 7.5.4) (format=pdflatex 2008.7.19)  18 MAR 2009 15:38
entering extended mode
\write18 enabled.
**MaxLikeListDrivePhot.tex
(./MaxLikeListDrivePhot.tex
LaTeX2e <2003/12/01>
Babel <v3.8d> and hyphenation patterns for american, french, german, ngerman, b
ahasa, basque, bulgarian, catalan, croatian, czech, danish, dutch, esperanto, e
stonian, finnish, greek, icelandic, irish, italian, latin, magyar, norsk, polis
h, portuges, romanian, russian, serbian, slovak, slovene, spanish, swedish, tur
kish, ukrainian, nohyphenation, loaded.
(/sw/share/texmf-dist/tex/latex/base/article.cls
Document Class: article 2004/02/16 v1.4f Standard LaTeX document class
(/sw/share/texmf-dist/tex/latex/base/size10.clo
File: size10.clo 2004/02/16 v1.4f Standard LaTeX file (size option)
)
\c@part=\count79
\c@section=\count80
\c@subsection=\count81
\c@subsubsection=\count82
\c@paragraph=\count83
\c@subparagraph=\count84
\c@figure=\count85
\c@table=\count86
\abovecaptionskip=\skip41
\belowcaptionskip=\skip42
\bibindent=\dimen102
) (./MaxLikeListDrivePhot.aux)
\openout1 = `MaxLikeListDrivePhot.aux'.

LaTeX Font Info:    Checking defaults for OML/cmm/m/it on input line 3.
LaTeX Font Info:    ... okay on input line 3.
LaTeX Font Info:    Checking defaults for T1/cmr/m/n on input line 3.
LaTeX Font Info:    ... okay on input line 3.
LaTeX Font Info:    Checking defaults for OT1/cmr/m/n on input line 3.
LaTeX Font Info:    ... okay on input line 3.
LaTeX Font Info:    Checking defaults for OMS/cmsy/m/n on input line 3.
LaTeX Font Info:    ... okay on input line 3.
LaTeX Font Info:    Checking defaults for OMX/cmex/m/n on input line 3.
LaTeX Font Info:    ... okay on input line 3.
LaTeX Font Info:    Checking defaults for U/cmr/m/n on input line 3.
LaTeX Font Info:    ... okay on input line 3.
LaTeX Font Info:    External font `cmex10' loaded for size
(Font)              <7> on input line 6.
LaTeX Font Info:    External font `cmex10' loaded for size
(Font)              <5> on input line 6.


LaTeX Warning: Reference `eqn:intensity' on page 1 undefined on input line 21.


LaTeX Warning: Reference `eqn:fluxnorm' on page 1 undefined on input line 24.


LaTeX Warning: Reference `eqn:intennorm' on page 1 undefined on input line 24.

[1

{/sw/var/lib/texmf/fonts/map/pdftex/updmap/pdftex.map}] [2]

LaTeX Warning: Reference `eqn:linprf' on page 3 undefined on input line 79.


LaTeX Warning: Reference `eqn:lin1' on page 3 undefined on input line 85.


LaTeX Warning: Reference `eqn:matrix' on page 3 undefined on input line 93.

[3] [4] (./MaxLikeListDrivePhot.aux)

LaTeX Warning: There were undefined references.


LaTeX Warning: Label(s) may have changed. Rerun to get cross-references right.

 ) 
Here is how much of TeX's memory you used:
 225 strings out of 94500
 2500 string characters out of 1176114
 51348 words of memory out of 1500000
 3474 multiletter control sequences out of 10000+50000
 5777 words of font info for 21 fonts, out of 1200000 for 2000
 580 hyphenation exceptions out of 8191
 23i,5n,18p,674b,113s stack positions out of 5000i,500n,6000p,200000b,5000s
PDF statistics:
 43 PDF objects out of 65536
 0 named destinations out of 20000
 1 words of extra memory for PDF output out of 65536
</sw/share/texmf-dist/fonts/type1/bluesky/cm/cmbx7.pfb></sw/share/texmf-dist/
fonts/type1/bluesky/cm/cmmi7.pfb></sw/share/texmf-dist/fonts/type1/bluesky/cm/c
msy10.pfb></sw/share/texmf-dist/fonts/type1/bluesky/cm/cmex10.pfb></sw/share/te
xmf-dist/fonts/type1/bluesky/cm/cmbx10.pfb></sw/share/texmf-dist/fonts/type1/bl
uesky/cm/cmr7.pfb></sw/share/texmf-dist/fonts/type1/bluesky/cm/cmsy7.pfb></sw/s
hare/texmf-dist/fonts/type1/bluesky/cm/cmmi10.pfb></sw/share/texmf-dist/fonts/t
ype1/bluesky/cm/cmr10.pfb></sw/share/texmf-dist/fonts/type1/bluesky/cm/cmbx12.p
fb>
Output written on MaxLikeListDrivePhot.pdf (4 pages, 70536 bytes).
